# JRE version: OpenJDK Runtime Environment (17.0.6) (build 17.0.6+0-b2043.56-10027231)
# Java VM: OpenJDK 64-Bit Server VM (17.0.6+0-b2043.56-10027231, mixed mode, tiered, compressed oops, compressed class ptrs, g1 gc, windows-amd64)
GC Precious Log:
 CPUs: 4 total, 4 available
 Memory: 8074M
 Large Page Support: Disabled
 NUMA Support: Disabled
 Compressed Oops: Enabled (32-bit)
 Heap Region Size: 1M
 Heap Min Capacity: 8M
 Heap Initial Capacity: 128M
 Heap Max Capacity: 2G
 Pre-touch: Disabled
 Parallel Workers: 4
 Concurrent Workers: 1
 Concurrent Refinement Workers: 4
 Periodic GC: Disabled
Heap:
 garbage-first heap   total 177152K, used 108509K [0x0000000080000000, 0x0000000100000000)
  region size 1024K, 22 young (22528K), 5 survivors (5120K)
 Metaspace       used 76937K, committed 77568K, reserved 1122304K
  class space    used 10205K, committed 10496K, reserved 1048576K
GC Heap History (20 events):
Event: 20.575 GC heap before
{Heap before GC invocations=27 (full 0):
 garbage-first heap   total 122880K, used 93317K [0x0000000080000000, 0x0000000100000000)
  region size 1024K, 25 young (25600K), 2 survivors (2048K)
 Metaspace       used 54480K, committed 55104K, reserved 1097728K
  class space    used 7357K, committed 7616K, reserved 1048576K
}
Event: 20.586 GC heap after
{Heap after GC invocations=28 (full 0):
 garbage-first heap   total 122880K, used 71396K [0x0000000080000000, 0x0000000100000000)
  region size 1024K, 3 young (3072K), 3 survivors (3072K)
 Metaspace       used 54480K, committed 55104K, reserved 1097728K
  class space    used 7357K, committed 7616K, reserved 1048576K
}
Event: 22.146 GC heap before
{Heap before GC invocations=28 (full 0):
 garbage-first heap   total 122880K, used 98020K [0x0000000080000000, 0x0000000100000000)
  region size 1024K, 30 young (30720K), 3 survivors (3072K)
 Metaspace       used 56186K, committed 56832K, reserved 1105920K
  class space    used 7550K, committed 7808K, reserved 1048576K
}
Event: 22.160 GC heap after
{Heap after GC invocations=29 (full 0):
 garbage-first heap   total 122880K, used 73237K [0x0000000080000000, 0x0000000100000000)
  region size 1024K, 4 young (4096K), 4 survivors (4096K)
 Metaspace       used 56186K, committed 56832K, reserved 1105920K
  class space    used 7550K, committed 7808K, reserved 1048576K
}
Event: 22.490 GC heap before
{Heap before GC invocations=30 (full 0):
 garbage-first heap   total 128000K, used 77333K [0x0000000080000000, 0x0000000100000000)
  region size 1024K, 10 young (10240K), 4 survivors (4096K)
 Metaspace       used 56289K, committed 56960K, reserved 1105920K
  class space    used 7556K, committed 7872K, reserved 1048576K
}
Event: 22.501 GC heap after
{Heap after GC invocations=31 (full 0):
 garbage-first heap   total 128000K, used 73764K [0x0000000080000000, 0x0000000100000000)
  region size 1024K, 3 young (3072K), 3 survivors (3072K)
 Metaspace       used 56289K, committed 56960K, reserved 1105920K
  class space    used 7556K, committed 7872K, reserved 1048576K
}
Event: 22.769 GC heap before
{Heap before GC invocations=32 (full 0):
 garbage-first heap   total 140288K, used 84004K [0x0000000080000000, 0x0000000100000000)
  region size 1024K, 11 young (11264K), 3 survivors (3072K)
 Metaspace       used 56632K, committed 57216K, reserved 1105920K
  class space    used 7614K, committed 7872K, reserved 1048576K
}
Event: 22.780 GC heap after
{Heap after GC invocations=33 (full 0):
 garbage-first heap   total 140288K, used 80717K [0x0000000080000000, 0x0000000100000000)
  region size 1024K, 4 young (4096K), 4 survivors (4096K)
 Metaspace       used 56632K, committed 57216K, reserved 1105920K
  class space    used 7614K, committed 7872K, reserved 1048576K
}
Event: 23.605 GC heap before
{Heap before GC invocations=34 (full 0):
 garbage-first heap   total 147456K, used 104269K [0x0000000080000000, 0x0000000100000000)
  region size 1024K, 27 young (27648K), 4 survivors (4096K)
 Metaspace       used 59439K, committed 60032K, reserved 1105920K
  class space    used 7990K, committed 8256K, reserved 1048576K
}
Event: 23.615 GC heap after
{Heap after GC invocations=35 (full 0):
 garbage-first heap   total 177152K, used 83234K [0x0000000080000000, 0x0000000100000000)
  region size 1024K, 3 young (3072K), 3 survivors (3072K)
 Metaspace       used 59439K, committed 60032K, reserved 1105920K
  class space    used 7990K, committed 8256K, reserved 1048576K
}
Event: 25.298 GC heap before
{Heap before GC invocations=35 (full 0):
 garbage-first heap   total 177152K, used 121122K [0x0000000080000000, 0x0000000100000000)
  region size 1024K, 40 young (40960K), 3 survivors (3072K)
 Metaspace       used 66071K, committed 66688K, reserved 1114112K
  class space    used 8801K, committed 9088K, reserved 1048576K
}
Event: 25.319 GC heap after
{Heap after GC invocations=36 (full 0):
 garbage-first heap   total 177152K, used 84881K [0x0000000080000000, 0x0000000100000000)
  region size 1024K, 4 young (4096K), 4 survivors (4096K)
 Metaspace       used 66071K, committed 66688K, reserved 1114112K
  class space    used 8801K, committed 9088K, reserved 1048576K
}
Event: 25.848 GC heap before
{Heap before GC invocations=37 (full 0):
 garbage-first heap   total 177152K, used 91025K [0x0000000080000000, 0x0000000100000000)
  region size 1024K, 11 young (11264K), 4 survivors (4096K)
 Metaspace       used 67673K, committed 68416K, reserved 1114112K
  class space    used 8987K, committed 9280K, reserved 1048576K
}
Event: 25.859 GC heap after
{Heap after GC invocations=38 (full 0):
 garbage-first heap   total 177152K, used 86278K [0x0000000080000000, 0x0000000100000000)
  region size 1024K, 4 young (4096K), 4 survivors (4096K)
 Metaspace       used 67673K, committed 68416K, reserved 1114112K
  class space    used 8987K, committed 9280K, reserved 1048576K
}
Event: 26.191 GC heap before
{Heap before GC invocations=39 (full 0):
 garbage-first heap   total 177152K, used 98566K [0x0000000080000000, 0x0000000100000000)
  region size 1024K, 13 young (13312K), 4 survivors (4096K)
 Metaspace       used 67682K, committed 68416K, reserved 1114112K
  class space    used 8987K, committed 9280K, reserved 1048576K
}
Event: 26.205 GC heap after
{Heap after GC invocations=40 (full 0):
 garbage-first heap   total 177152K, used 92153K [0x0000000080000000, 0x0000000100000000)
  region size 1024K, 6 young (6144K), 6 survivors (6144K)
 Metaspace       used 67682K, committed 68416K, reserved 1114112K
  class space    used 8987K, committed 9280K, reserved 1048576K
}
Event: 27.852 GC heap before
{Heap before GC invocations=41 (full 0):
 garbage-first heap   total 177152K, used 129017K [0x0000000080000000, 0x0000000100000000)
  region size 1024K, 40 young (40960K), 6 survivors (6144K)
 Metaspace       used 70811K, committed 71488K, reserved 1114112K
  class space    used 9396K, committed 9728K, reserved 1048576K
}
Event: 27.874 GC heap after
{Heap after GC invocations=42 (full 0):
 garbage-first heap   total 177152K, used 90072K [0x0000000080000000, 0x0000000100000000)
  region size 1024K, 3 young (3072K), 3 survivors (3072K)
 Metaspace       used 70811K, committed 71488K, reserved 1114112K
  class space    used 9396K, committed 9728K, reserved 1048576K
}
Event: 29.100 GC heap before
{Heap before GC invocations=42 (full 0):
 garbage-first heap   total 177152K, used 128984K [0x0000000080000000, 0x0000000100000000)
  region size 1024K, 41 young (41984K), 3 survivors (3072K)
 Metaspace       used 75840K, committed 76480K, reserved 1122304K
  class space    used 10083K, committed 10368K, reserved 1048576K
}
Event: 29.112 GC heap after
{Heap after GC invocations=43 (full 0):
 garbage-first heap   total 177152K, used 92125K [0x0000000080000000, 0x0000000100000000)
  region size 1024K, 5 young (5120K), 5 survivors (5120K)
 Metaspace       used 75840K, committed 76480K, reserved 1122304K
  class space    used 10083K, committed 10368K, reserved 1048576K
}

