# JRE version: OpenJDK Runtime Environment (17.0.6) (build 17.0.6+0-b2043.56-10027231)
# Java VM: OpenJDK 64-Bit Server VM (17.0.6+0-b2043.56-10027231, mixed mode, tiered, compressed oops, compressed class ptrs, g1 gc, windows-amd64)
GC Precious Log:
 CPUs: 4 total, 4 available
 Memory: 8074M
 Large Page Support: Disabled
 NUMA Support: Disabled
 Compressed Oops: Enabled (32-bit)
 Heap Region Size: 1M
 Heap Min Capacity: 8M
 Heap Initial Capacity: 128M
 Heap Max Capacity: 2G
 Pre-touch: Disabled
 Parallel Workers: 4
 Concurrent Workers: 1
 Concurrent Refinement Workers: 4
 Periodic GC: Disabled
Heap:
 garbage-first heap   total 235520K, used 184091K [0x0000000080000000, 0x0000000100000000)
  region size 1024K, 35 young (35840K), 2 survivors (2048K)
 Metaspace       used 142279K, committed 143168K, reserved 1179648K
  class space    used 18578K, committed 19008K, reserved 1048576K
GC Heap History (20 events):
Event: 47.014 GC heap before
{Heap before GC invocations=55 (full 0):
 garbage-first heap   total 204800K, used 169247K [0x0000000080000000, 0x0000000100000000)
  region size 1024K, 52 young (53248K), 2 survivors (2048K)
 Metaspace       used 111241K, committed 111872K, reserved 1146880K
  class space    used 14263K, committed 14528K, reserved 1048576K
}
Event: 47.030 GC heap after
{Heap after GC invocations=56 (full 0):
 garbage-first heap   total 204800K, used 122271K [0x0000000080000000, 0x0000000100000000)
  region size 1024K, 6 young (6144K), 6 survivors (6144K)
 Metaspace       used 111241K, committed 111872K, reserved 1146880K
  class space    used 14263K, committed 14528K, reserved 1048576K
}
Event: 51.138 GC heap before
{Heap before GC invocations=56 (full 0):
 garbage-first heap   total 204800K, used 169375K [0x0000000080000000, 0x0000000100000000)
  region size 1024K, 53 young (54272K), 6 survivors (6144K)
 Metaspace       used 115486K, committed 116160K, reserved 1155072K
  class space    used 14942K, committed 15232K, reserved 1048576K
}
Event: 51.185 GC heap after
{Heap after GC invocations=57 (full 0):
 garbage-first heap   total 204800K, used 125845K [0x0000000080000000, 0x0000000100000000)
  region size 1024K, 4 young (4096K), 4 survivors (4096K)
 Metaspace       used 115486K, committed 116160K, reserved 1155072K
  class space    used 14942K, committed 15232K, reserved 1048576K
}
Event: 53.007 GC heap before
{Heap before GC invocations=57 (full 0):
 garbage-first heap   total 204800K, used 140181K [0x0000000080000000, 0x0000000100000000)
  region size 1024K, 19 young (19456K), 4 survivors (4096K)
 Metaspace       used 115800K, committed 116480K, reserved 1155072K
  class space    used 14966K, committed 15232K, reserved 1048576K
}
Event: 53.016 GC heap after
{Heap after GC invocations=58 (full 0):
 garbage-first heap   total 204800K, used 126780K [0x0000000080000000, 0x0000000100000000)
  region size 1024K, 2 young (2048K), 2 survivors (2048K)
 Metaspace       used 115800K, committed 116480K, reserved 1155072K
  class space    used 14966K, committed 15232K, reserved 1048576K
}
Event: 60.081 GC heap before
{Heap before GC invocations=59 (full 0):
 garbage-first heap   total 208896K, used 170812K [0x0000000080000000, 0x0000000100000000)
  region size 1024K, 46 young (47104K), 2 survivors (2048K)
 Metaspace       used 121558K, committed 122304K, reserved 1163264K
  class space    used 15674K, committed 16000K, reserved 1048576K
}
Event: 60.089 GC heap after
{Heap after GC invocations=60 (full 0):
 garbage-first heap   total 208896K, used 130839K [0x0000000080000000, 0x0000000100000000)
  region size 1024K, 6 young (6144K), 6 survivors (6144K)
 Metaspace       used 121558K, committed 122304K, reserved 1163264K
  class space    used 15674K, committed 16000K, reserved 1048576K
}
Event: 60.387 GC heap before
{Heap before GC invocations=60 (full 0):
 garbage-first heap   total 208896K, used 133911K [0x0000000080000000, 0x0000000100000000)
  region size 1024K, 10 young (10240K), 6 survivors (6144K)
 Metaspace       used 122263K, committed 123008K, reserved 1163264K
  class space    used 15739K, committed 16064K, reserved 1048576K
}
Event: 60.397 GC heap after
{Heap after GC invocations=61 (full 0):
 garbage-first heap   total 208896K, used 125206K [0x0000000080000000, 0x0000000100000000)
  region size 1024K, 1 young (1024K), 1 survivors (1024K)
 Metaspace       used 122263K, committed 123008K, reserved 1163264K
  class space    used 15739K, committed 16064K, reserved 1048576K
}
Event: 62.775 GC heap before
{Heap before GC invocations=61 (full 0):
 garbage-first heap   total 208896K, used 177430K [0x0000000080000000, 0x0000000100000000)
  region size 1024K, 46 young (47104K), 1 survivors (1024K)
 Metaspace       used 127898K, committed 128704K, reserved 1163264K
  class space    used 16505K, committed 16832K, reserved 1048576K
}
Event: 62.786 GC heap after
{Heap after GC invocations=62 (full 0):
 garbage-first heap   total 208896K, used 129356K [0x0000000080000000, 0x0000000100000000)
  region size 1024K, 5 young (5120K), 5 survivors (5120K)
 Metaspace       used 127898K, committed 128704K, reserved 1163264K
  class space    used 16505K, committed 16832K, reserved 1048576K
}
Event: 65.199 GC heap before
{Heap before GC invocations=62 (full 0):
 garbage-first heap   total 208896K, used 171340K [0x0000000080000000, 0x0000000100000000)
  region size 1024K, 47 young (48128K), 5 survivors (5120K)
 Metaspace       used 131114K, committed 131840K, reserved 1171456K
  class space    used 16918K, committed 17216K, reserved 1048576K
}
Event: 65.216 GC heap after
{Heap after GC invocations=63 (full 0):
 garbage-first heap   total 208896K, used 132597K [0x0000000080000000, 0x0000000100000000)
  region size 1024K, 4 young (4096K), 4 survivors (4096K)
 Metaspace       used 131114K, committed 131840K, reserved 1171456K
  class space    used 16918K, committed 17216K, reserved 1048576K
}
Event: 66.738 GC heap before
{Heap before GC invocations=63 (full 0):
 garbage-first heap   total 208896K, used 152053K [0x0000000080000000, 0x0000000100000000)
  region size 1024K, 24 young (24576K), 4 survivors (4096K)
 Metaspace       used 133485K, committed 134208K, reserved 1171456K
  class space    used 17239K, committed 17536K, reserved 1048576K
}
Event: 66.754 GC heap after
{Heap after GC invocations=64 (full 0):
 garbage-first heap   total 208896K, used 133751K [0x0000000080000000, 0x0000000100000000)
  region size 1024K, 5 young (5120K), 5 survivors (5120K)
 Metaspace       used 133485K, committed 134208K, reserved 1171456K
  class space    used 17239K, committed 17536K, reserved 1048576K
}
Event: 69.225 GC heap before
{Heap before GC invocations=65 (full 0):
 garbage-first heap   total 235520K, used 174711K [0x0000000080000000, 0x0000000100000000)
  region size 1024K, 44 young (45056K), 5 survivors (5120K)
 Metaspace       used 138105K, committed 138816K, reserved 1171456K
  class space    used 18079K, committed 18368K, reserved 1048576K
}
Event: 69.249 GC heap after
{Heap after GC invocations=66 (full 0):
 garbage-first heap   total 235520K, used 135617K [0x0000000080000000, 0x0000000100000000)
  region size 1024K, 4 young (4096K), 4 survivors (4096K)
 Metaspace       used 138105K, committed 138816K, reserved 1171456K
  class space    used 18079K, committed 18368K, reserved 1048576K
}
Event: 69.502 GC heap before
{Heap before GC invocations=66 (full 0):
 garbage-first heap   total 235520K, used 141761K [0x0000000080000000, 0x0000000100000000)
  region size 1024K, 11 young (11264K), 4 survivors (4096K)
 Metaspace       used 138773K, committed 139520K, reserved 1171456K
  class space    used 18156K, committed 18496K, reserved 1048576K
}
Event: 69.515 GC heap after
{Heap after GC invocations=67 (full 0):
 garbage-first heap   total 235520K, used 128795K [0x0000000080000000, 0x0000000100000000)
  region size 1024K, 2 young (2048K), 2 survivors (2048K)
 Metaspace       used 138773K, committed 139520K, reserved 1171456K
  class space    used 18156K, committed 18496K, reserved 1048576K
}

